<?xml version="1.0" encoding="UTF-8"?>
<testng-results ignored="0" total="1" passed="1" failed="0" skipped="0">
  <reporter-output>
  </reporter-output>
  <suite started-at="2023-10-25T19:57:59 IST" name="Default suite" finished-at="2023-10-25T19:58:09 IST" duration-ms="9705">
    <groups>
    </groups>
    <test started-at="2023-10-25T19:57:59 IST" name="Default test" finished-at="2023-10-25T19:58:09 IST" duration-ms="9705">
      <class name="TestLayer.RegisterPageTest">
        <test-method is-config="true" signature="setup()[pri:0, instance:TestLayer.RegisterPageTest@67d48005]" started-at="2023-10-25T19:57:59 IST" name="setup" finished-at="2023-10-25T19:58:06 IST" duration-ms="7114" status="PASS">
          <reporter-output>
          </reporter-output>
        </test-method> <!-- setup -->
        <test-method signature="guru99()[pri:0, instance:TestLayer.RegisterPageTest@67d48005]" started-at="2023-10-25T19:58:06 IST" name="guru99" finished-at="2023-10-25T19:58:09 IST" duration-ms="2551" status="PASS">
          <reporter-output>
          </reporter-output>
        </test-method> <!-- guru99 -->
        <test-method is-config="true" signature="end()[pri:0, instance:TestLayer.RegisterPageTest@67d48005]" started-at="2023-10-25T19:58:09 IST" name="end" finished-at="2023-10-25T19:58:09 IST" duration-ms="1" status="PASS">
          <reporter-output>
          </reporter-output>
        </test-method> <!-- end -->
      </class> <!-- TestLayer.RegisterPageTest -->
    </test> <!-- Default test -->
  </suite> <!-- Default suite -->
</testng-results>
